Change Component Comment : Designator=R2 Old Comment=10k New Comment=4.7k
Change Component Comment : Designator=R3 Old Comment=10k New Comment=4.7k
Added Component: Designator=H1(Header 4P DC 2.54 + 2.0)
Add component (AddParameter): Name = "Chung_Loai"; Value = "C?m"; VariantName = "[No Variations]"
Add component (AddParameter): Name = "Don_Vi"; Value = "Con"; VariantName = "[No Variations]"
Add component (AddParameter): Name = "Ghi_Chu"; Value = ""; VariantName = "[No Variations]"
Add component (AddParameter): Name = "Kieu_Chan"; Value = ""; VariantName = "[No Variations]"
Add component (AddParameter): Name = "Ma_Hang"; Value = "MH001310"; VariantName = "[No Variations]"
Add component (AddParameter): Name = "Ten_Linh_Kien"; Value = "Header 4P XH2.54-4P Đ?c Cong"; VariantName = "[No Variations]"
Added Pin To Net: NetName=SCL Pin=H1-1
Added Pin To Net: NetName=SCL Pin=H1-1
Added Pin To Net: NetName=SDA Pin=H1-2
Added Pin To Net: NetName=SDA Pin=H1-2
Added Pin To Net: NetName=+5 Pin=H1-3
Added Pin To Net: NetName=+5 Pin=H1-3
Added Pin To Net: NetName=GND Pin=H1-4
Added Pin To Net: NetName=GND Pin=H1-4
Added Member To Class: ClassName=7-Segment_v2_SCH Member=Component H1 Header 4P 2.54 + 2.0 Duc Cong
Added Member To Class: ClassName=7-Segment_v2_SCH Member=Component R2 4.7k
Added Member To Class: ClassName=7-Segment_v2_SCH Member=Component R3 4.7k
Added Member To Class: ClassName=7-Segment_v2_SCH Member=Component R4 10k
Added Member To Class: ClassName=7-Segment_v2_SCH Member=Component R5 220R
Added Member To Class: ClassName=7-Segment_v2_SCH Member=Component R6 220R
Added Member To Class: ClassName=7-Segment_v2_SCH Member=Component R8 10k
Added Member To Class: ClassName=7-Segment_v2_SCH Member=Component R9 1k
Added Member To Class: ClassName=7-Segment_v2_SCH Member=Component R10 220R
Added Member To Class: ClassName=7-Segment_v2_SCH Member=Component R15 10k
Added Member To Class: ClassName=7-Segment_v2_SCH Member=Component R16 220R
Added Member To Class: ClassName=7-Segment_v2_SCH Member=Component R17 220R
Added Member To Class: ClassName=7-Segment_v2_SCH Member=Component R19 10k
